
> frontend@1.0.0 web
> expo start --web

Starting project at /app/frontend
Starting Metro Bundler
Waiting on http://localhost:8081
Logs for your project will appear below.
Web Bundled 8953ms index.js (400 modules)
Web Bundled 51ms index.js (1 module)
Web Bundled 25ms index.js (1 module)
Web Bundled 41ms index.js (1 module)
Web Bundled 75ms index.js (1 module)
Web Bundled 23ms index.js (1 module)
Web Bundled 23ms index.js (1 module)
Web Bundled 31ms index.js (1 module)
Web Bundled 23ms index.js (1 module)
Web Bundled 24ms index.js (1 module)
Web Bundled 24ms index.js (1 module)
Web Bundled 24ms index.js (1 module)
Web Bundled 24ms index.js (1 module)
Web Bundled 27ms index.js (1 module)
