Starting project at /app/frontend
Starting Metro Bundler
Waiting on http://localhost:8081
Logs for your project will appear below.
Web Bundled 6908ms index.js (400 modules)
Web Bundled 28ms index.js (1 module)
Web Bundled 27ms index.js (1 module)
Web Bundled 250ms index.js (1 module)
Web Bundled 25ms index.js (1 module)
Web Bundled 24ms index.js (1 module)
Web Bundled 25ms index.js (1 module)
Web Bundled 30ms index.js (1 module)
Web Bundled 22ms index.js (1 module)
Web Bundled 24ms index.js (1 module)
Web Bundled 24ms index.js (1 module)
Web Bundled 82ms index.js (1 module)
Web Bundled 23ms index.js (1 module)
Web Bundled 24ms index.js (1 module)
Web Bundled 24ms index.js (1 module)
Web Bundled 85ms index.js (1 module)
Web Bundled 35ms index.js (1 module)
